::1 - - [23/Oct/2023:22:29:58 -0300] "GET / HTTP/1.1" 200 46
::1 - - [23/Oct/2023:22:29:58 -0300] "GET /favicon.ico HTTP/1.1" 404 196
::1 - - [23/Oct/2023:22:30:58 -0300] "-" 408 -
::1 - - [23/Oct/2023:22:37:11 -0300] "GET / HTTP/1.1" 200 177
::1 - - [23/Oct/2023:22:38:11 -0300] "-" 408 -
::1 - - [23/Oct/2023:22:40:17 -0300] "GET / HTTP/1.1" 304 -
::1 - - [23/Oct/2023:22:40:21 -0300] "GET / HTTP/1.1" 304 -
::1 - - [23/Oct/2023:22:41:17 -0300] "-" 408 -
::1 - - [23/Oct/2023:22:41:36 -0300] "GET / HTTP/1.1" 200 139
::1 - - [23/Oct/2023:22:42:36 -0300] "-" 408 -
::1 - - [23/Oct/2023:22:44:09 -0300] "GET / HTTP/1.1" 200 244
::1 - - [23/Oct/2023:22:44:09 -0300] "GET /getIP.js HTTP/1.1" 200 506
::1 - - [23/Oct/2023:22:45:09 -0300] "-" 408 -
::1 - - [23/Oct/2023:22:47:01 -0300] "GET / HTTP/1.1" 304 -
::1 - - [23/Oct/2023:22:47:01 -0300] "GET /getIP.js HTTP/1.1" 200 538
::1 - - [23/Oct/2023:22:48:01 -0300] "-" 408 -
::1 - - [23/Oct/2023:23:04:08 -0300] "GET / HTTP/1.1" 200 382
::1 - - [23/Oct/2023:23:04:08 -0300] "GET /getIP.js HTTP/1.1" 404 196
::1 - - [23/Oct/2023:23:04:37 -0300] "GET / HTTP/1.1" 200 376
::1 - - [23/Oct/2023:23:04:37 -0300] "GET /getInfo.js HTTP/1.1" 200 1519
::1 - - [23/Oct/2023:23:05:37 -0300] "-" 408 -
::1 - - [23/Oct/2023:23:09:25 -0300] "GET / HTTP/1.1" 200 658
::1 - - [23/Oct/2023:23:09:25 -0300] "GET /getInfo.js HTTP/1.1" 304 -
::1 - - [23/Oct/2023:23:10:25 -0300] "-" 408 -
::1 - - [23/Oct/2023:23:18:14 -0300] "GET / HTTP/1.1" 304 -
::1 - - [23/Oct/2023:23:18:14 -0300] "GET /getInfo.js HTTP/1.1" 200 1712
::1 - - [23/Oct/2023:23:19:14 -0300] "-" 408 -
::1 - - [23/Oct/2023:23:21:42 -0300] "GET / HTTP/1.1" 304 -
::1 - - [23/Oct/2023:23:21:42 -0300] "GET /getInfo.js HTTP/1.1" 200 1773
::1 - - [23/Oct/2023:23:22:09 -0300] "GET / HTTP/1.1" 304 -
::1 - - [23/Oct/2023:23:22:09 -0300] "GET /getInfo.js HTTP/1.1" 200 1734
::1 - - [23/Oct/2023:23:23:09 -0300] "-" 408 -
::1 - - [23/Oct/2023:23:23:32 -0300] "GET / HTTP/1.1" 200 688
::1 - - [23/Oct/2023:23:23:32 -0300] "GET /getInfo.js HTTP/1.1" 304 -
::1 - - [23/Oct/2023:23:24:32 -0300] "-" 408 -
